<?xml version="1.0" encoding="UTF-8"?>
<coverage generated="1607594347690" clover="3.2.0">
  <project timestamp="1607594347690" name="All files">
    <metrics statements="16" coveredstatements="16" conditionals="0" coveredconditionals="0" methods="5" coveredmethods="5" elements="21" coveredelements="21" complexity="0" loc="16" ncloc="16" packages="4" files="4" classes="4"/>
    <package name="Answers">
      <metrics statements="8" coveredstatements="8" conditionals="0" coveredconditionals="0" methods="2" coveredmethods="2"/>
      <file name="Answers.js" path="/Users/dere/Documents/futureproof/Lectures/lap2/proj/Galaxy-Brain/src/Components/Answers/Answers.js">
        <metrics statements="8" coveredstatements="8" conditionals="0" coveredconditionals="0" methods="2" coveredmethods="2"/>
        <line num="26" count="5" type="stmt"/>
        <line num="27" count="5" type="stmt"/>
        <line num="28" count="5" type="stmt"/>
        <line num="29" count="5" type="stmt"/>
        <line num="30" count="5" type="stmt"/>
        <line num="31" count="5" type="stmt"/>
        <line num="32" count="5" type="stmt"/>
        <line num="35" count="20" type="stmt"/>
      </file>
    </package>
    <package name="Form">
      <metrics statements="3" coveredstatements="3" conditionals="0" coveredconditionals="0" methods="2" coveredmethods="2"/>
      <file name="index.js" path="/Users/dere/Documents/futureproof/Lectures/lap2/proj/Galaxy-Brain/src/Components/Form/index.js">
        <metrics statements="3" coveredstatements="3" conditionals="0" coveredconditionals="0" methods="2" coveredmethods="2"/>
        <line num="6" count="19" type="stmt"/>
        <line num="7" count="19" type="stmt"/>
        <line num="47" count="456" type="stmt"/>
      </file>
    </package>
    <package name="Form.Test">
      <metrics statements="1" coveredstatements="1" conditionals="0" coveredconditionals="0" methods="0" coveredmethods="0"/>
      <file name="Form.dummy.js" path="/Users/dere/Documents/futureproof/Lectures/lap2/proj/Galaxy-Brain/src/Components/Form/Test/Form.dummy.js">
        <metrics statements="1" coveredstatements="1" conditionals="0" coveredconditionals="0" methods="0" coveredmethods="0"/>
        <line num="1" count="1" type="stmt"/>
      </file>
    </package>
    <package name="Question">
      <metrics statements="4" coveredstatements="4" conditionals="0" coveredconditionals="0" methods="1" coveredmethods="1"/>
      <file name="Question.js" path="/Users/dere/Documents/futureproof/Lectures/lap2/proj/Galaxy-Brain/src/Components/Question/Question.js">
        <metrics statements="4" coveredstatements="4" conditionals="0" coveredconditionals="0" methods="1" coveredmethods="1"/>
        <line num="5" count="1" type="stmt"/>
        <line num="6" count="1" type="stmt"/>
        <line num="7" count="1" type="stmt"/>
        <line num="9" count="1" type="stmt"/>
      </file>
    </package>
  </project>
</coverage>
