{"C:\\Users\\Tonderai\\OneDrive\\Documents\\Futureproof\\Galaxy-Brain-5\\src\\App.js": {"path":"C:\\Users\\Tonderai\\OneDrive\\Documents\\Futureproof\\Galaxy-Brain-5\\src\\App.js","statementMap":{"0":{"start":{"line":10,"column":4},"end":{"line":17,"column":6}}},"fnMap":{"0":{"name":"(anonymous_0)","decl":{"start":{"line":9,"column":2},"end":{"line":9,"column":3}},"loc":{"start":{"line":9,"column":11},"end":{"line":18,"column":3}},"line":9}},"branchMap":{},"s":{"0":2},"f":{"0":2},"b":{},"_coverageSchema":"1a1c01bbd47fc00a2c39e90264f33305004495a9","hash":"2e0b184842c0f2c032349ac718ed181308101161"}
,"C:\\Users\\Tonderai\\OneDrive\\Documents\\Futureproof\\Galaxy-Brain-5\\src\\Components\\Answers\\Answers.js": {"path":"C:\\Users\\Tonderai\\OneDrive\\Documents\\Futureproof\\Galaxy-Brain-5\\src\\Components\\Answers\\Answers.js","statementMap":{"0":{"start":{"line":7,"column":23},"end":{"line":7,"column":54}},"1":{"start":{"line":8,"column":20},"end":{"line":8,"column":65}},"2":{"start":{"line":9,"column":25},"end":{"line":9,"column":73}},"3":{"start":{"line":10,"column":21},"end":{"line":10,"column":68}},"4":{"start":{"line":11,"column":21},"end":{"line":11,"column":38}},"5":{"start":{"line":12,"column":4},"end":{"line":12,"column":42}},"6":{"start":{"line":13,"column":4},"end":{"line":25,"column":6}},"7":{"start":{"line":16,"column":10},"end":{"line":22,"column":19}}},"fnMap":{"0":{"name":"(anonymous_0)","decl":{"start":{"line":6,"column":2},"end":{"line":6,"column":3}},"loc":{"start":{"line":6,"column":11},"end":{"line":26,"column":3}},"line":6},"1":{"name":"(anonymous_1)","decl":{"start":{"line":15,"column":22},"end":{"line":15,"column":23}},"loc":{"start":{"line":16,"column":10},"end":{"line":22,"column":19}},"line":16}},"branchMap":{},"s":{"0":5,"1":5,"2":5,"3":5,"4":5,"5":5,"6":5,"7":20},"f":{"0":5,"1":20},"b":{},"_coverageSchema":"1a1c01bbd47fc00a2c39e90264f33305004495a9","hash":"3f81b510b6cdd70266ec59d829e07108abec3328"}
,"C:\\Users\\Tonderai\\OneDrive\\Documents\\Futureproof\\Galaxy-Brain-5\\src\\Components\\Form\\index.js": {"path":"C:\\Users\\Tonderai\\OneDrive\\Documents\\Futureproof\\Galaxy-Brain-5\\src\\Components\\Form\\index.js","statementMap":{"0":{"start":{"line":6,"column":4},"end":{"line":6,"column":28}},"1":{"start":{"line":7,"column":4},"end":{"line":81,"column":6}},"2":{"start":{"line":41,"column":12},"end":{"line":45,"column":14}}},"fnMap":{"0":{"name":"(anonymous_0)","decl":{"start":{"line":5,"column":2},"end":{"line":5,"column":3}},"loc":{"start":{"line":5,"column":11},"end":{"line":82,"column":3}},"line":5},"1":{"name":"(anonymous_1)","decl":{"start":{"line":40,"column":37},"end":{"line":40,"column":38}},"loc":{"start":{"line":40,"column":51},"end":{"line":46,"column":11}},"line":40}},"branchMap":{},"s":{"0":19,"1":19,"2":456},"f":{"0":19,"1":456},"b":{},"_coverageSchema":"1a1c01bbd47fc00a2c39e90264f33305004495a9","hash":"2accc86aac69f2b2e8ec616eb571ade86fc7852a"}
,"C:\\Users\\Tonderai\\OneDrive\\Documents\\Futureproof\\Galaxy-Brain-5\\src\\Components\\Form\\Test\\Form.dummy.js": {"path":"C:\\Users\\Tonderai\\OneDrive\\Documents\\Futureproof\\Galaxy-Brain-5\\src\\Components\\Form\\Test\\Form.dummy.js","statementMap":{"0":{"start":{"line":1,"column":19},"end":{"line":26,"column":1}}},"fnMap":{},"branchMap":{},"s":{"0":2},"f":{},"b":{},"_coverageSchema":"1a1c01bbd47fc00a2c39e90264f33305004495a9","hash":"07c023044f22581d6d03df83df99f1864e320930"}
,"C:\\Users\\Tonderai\\OneDrive\\Documents\\Futureproof\\Galaxy-Brain-5\\src\\Components\\Question\\Question.js": {"path":"C:\\Users\\Tonderai\\OneDrive\\Documents\\Futureproof\\Galaxy-Brain-5\\src\\Components\\Question\\Question.js","statementMap":{"0":{"start":{"line":5,"column":17},"end":{"line":14,"column":1}},"1":{"start":{"line":6,"column":21},"end":{"line":6,"column":45}},"2":{"start":{"line":7,"column":19},"end":{"line":7,"column":50}},"3":{"start":{"line":9,"column":2},"end":{"line":13,"column":4}}},"fnMap":{"0":{"name":"(anonymous_0)","decl":{"start":{"line":5,"column":17},"end":{"line":5,"column":18}},"loc":{"start":{"line":5,"column":28},"end":{"line":14,"column":1}},"line":5}},"branchMap":{},"s":{"0":3,"1":1,"2":1,"3":1},"f":{"0":1},"b":{},"_coverageSchema":"1a1c01bbd47fc00a2c39e90264f33305004495a9","hash":"8ce3abf61f407fd92d14b15b86d6cc59ce5786b2"}
,"C:\\Users\\Tonderai\\OneDrive\\Documents\\Futureproof\\Galaxy-Brain-5\\src\\Components\\Score\\Score.js": {"path":"C:\\Users\\Tonderai\\OneDrive\\Documents\\Futureproof\\Galaxy-Brain-5\\src\\Components\\Score\\Score.js","statementMap":{"0":{"start":{"line":4,"column":14},"end":{"line":27,"column":1}},"1":{"start":{"line":5,"column":22},"end":{"line":5,"column":35}},"2":{"start":{"line":6,"column":12},"end":{"line":6,"column":41}},"3":{"start":{"line":7,"column":12},"end":{"line":7,"column":20}},"4":{"start":{"line":8,"column":22},"end":{"line":8,"column":29}},"5":{"start":{"line":10,"column":13},"end":{"line":10,"column":29}},"6":{"start":{"line":11,"column":12},"end":{"line":11,"column":14}},"7":{"start":{"line":12,"column":2},"end":{"line":17,"column":5}},"8":{"start":{"line":13,"column":4},"end":{"line":16,"column":7}},"9":{"start":{"line":14,"column":6},"end":{"line":14,"column":23}},"10":{"start":{"line":15,"column":6},"end":{"line":15,"column":56}},"11":{"start":{"line":19,"column":2},"end":{"line":19,"column":19}},"12":{"start":{"line":21,"column":2},"end":{"line":26,"column":4}}},"fnMap":{"0":{"name":"(anonymous_0)","decl":{"start":{"line":4,"column":14},"end":{"line":4,"column":15}},"loc":{"start":{"line":4,"column":25},"end":{"line":27,"column":1}},"line":4},"1":{"name":"(anonymous_1)","decl":{"start":{"line":12,"column":15},"end":{"line":12,"column":16}},"loc":{"start":{"line":12,"column":24},"end":{"line":17,"column":3}},"line":12},"2":{"name":"(anonymous_2)","decl":{"start":{"line":13,"column":31},"end":{"line":13,"column":32}},"loc":{"start":{"line":13,"column":45},"end":{"line":16,"column":5}},"line":13}},"branchMap":{"0":{"loc":{"start":{"line":15,"column":6},"end":{"line":15,"column":55}},"type":"cond-expr","locations":[{"start":{"line":15,"column":18},"end":{"line":15,"column":36}},{"start":{"line":15,"column":41},"end":{"line":15,"column":54}}],"line":15}},"s":{"0":3,"1":2,"2":2,"3":2,"4":2,"5":2,"6":2,"7":2,"8":6,"9":18,"10":18,"11":2,"12":2},"f":{"0":2,"1":6,"2":18},"b":{"0":[12,6]},"_coverageSchema":"1a1c01bbd47fc00a2c39e90264f33305004495a9","hash":"e3e8462bcc9379b03f3d5388400c95d114633632"}
,"C:\\Users\\Tonderai\\OneDrive\\Documents\\Futureproof\\Galaxy-Brain-5\\src\\Components\\Winner\\Winner.js": {"path":"C:\\Users\\Tonderai\\OneDrive\\Documents\\Futureproof\\Galaxy-Brain-5\\src\\Components\\Winner\\Winner.js","statementMap":{"0":{"start":{"line":4,"column":15},"end":{"line":84,"column":1}},"1":{"start":{"line":5,"column":23},"end":{"line":5,"column":36}},"2":{"start":{"line":6,"column":20},"end":{"line":6,"column":36}},"3":{"start":{"line":7,"column":19},"end":{"line":7,"column":51}},"4":{"start":{"line":8,"column":2},"end":{"line":8,"column":38}},"5":{"start":{"line":9,"column":17},"end":{"line":27,"column":3}},"6":{"start":{"line":10,"column":22},"end":{"line":10,"column":24}},"7":{"start":{"line":11,"column":20},"end":{"line":11,"column":21}},"8":{"start":{"line":13,"column":4},"end":{"line":18,"column":5}},"9":{"start":{"line":13,"column":17},"end":{"line":13,"column":18}},"10":{"start":{"line":14,"column":24},"end":{"line":14,"column":36}},"11":{"start":{"line":15,"column":6},"end":{"line":17,"column":7}},"12":{"start":{"line":16,"column":8},"end":{"line":16,"column":38}},"13":{"start":{"line":20,"column":4},"end":{"line":25,"column":5}},"14":{"start":{"line":20,"column":17},"end":{"line":20,"column":18}},"15":{"start":{"line":21,"column":24},"end":{"line":21,"column":36}},"16":{"start":{"line":22,"column":6},"end":{"line":24,"column":7}},"17":{"start":{"line":23,"column":8},"end":{"line":23,"column":71}},"18":{"start":{"line":26,"column":4},"end":{"line":26,"column":21}},"19":{"start":{"line":29,"column":22},"end":{"line":31,"column":3}},"20":{"start":{"line":30,"column":4},"end":{"line":30,"column":29}},"21":{"start":{"line":33,"column":24},"end":{"line":33,"column":40}},"22":{"start":{"line":35,"column":14},"end":{"line":35,"column":38}},"23":{"start":{"line":37,"column":2},"end":{"line":37,"column":40}},"24":{"start":{"line":39,"column":2},"end":{"line":83,"column":3}},"25":{"start":{"line":40,"column":4},"end":{"line":60,"column":6}},"26":{"start":{"line":62,"column":4},"end":{"line":82,"column":6}}},"fnMap":{"0":{"name":"(anonymous_0)","decl":{"start":{"line":4,"column":15},"end":{"line":4,"column":16}},"loc":{"start":{"line":4,"column":26},"end":{"line":84,"column":1}},"line":4},"1":{"name":"(anonymous_1)","decl":{"start":{"line":9,"column":17},"end":{"line":9,"column":18}},"loc":{"start":{"line":9,"column":32},"end":{"line":27,"column":3}},"line":9},"2":{"name":"(anonymous_2)","decl":{"start":{"line":29,"column":22},"end":{"line":29,"column":23}},"loc":{"start":{"line":29,"column":28},"end":{"line":31,"column":3}},"line":29}},"branchMap":{"0":{"loc":{"start":{"line":15,"column":6},"end":{"line":17,"column":7}},"type":"if","locations":[{"start":{"line":15,"column":6},"end":{"line":17,"column":7}},{"start":{"line":15,"column":6},"end":{"line":17,"column":7}}],"line":15},"1":{"loc":{"start":{"line":22,"column":6},"end":{"line":24,"column":7}},"type":"if","locations":[{"start":{"line":22,"column":6},"end":{"line":24,"column":7}},{"start":{"line":22,"column":6},"end":{"line":24,"column":7}}],"line":22},"2":{"loc":{"start":{"line":39,"column":2},"end":{"line":83,"column":3}},"type":"if","locations":[{"start":{"line":39,"column":2},"end":{"line":83,"column":3}},{"start":{"line":39,"column":2},"end":{"line":83,"column":3}}],"line":39}},"s":{"0":3,"1":5,"2":5,"3":5,"4":5,"5":5,"6":5,"7":5,"8":5,"9":5,"10":15,"11":15,"12":5,"13":5,"14":5,"15":15,"16":15,"17":7,"18":5,"19":5,"20":1,"21":5,"22":5,"23":5,"24":5,"25":2,"26":3},"f":{"0":5,"1":5,"2":1},"b":{"0":[5,10],"1":[7,8],"2":[2,3]},"_coverageSchema":"1a1c01bbd47fc00a2c39e90264f33305004495a9","hash":"64910b5e6269fe41a6f7b393805bd8590dbf1d81"}
,"C:\\Users\\Tonderai\\OneDrive\\Documents\\Futureproof\\Galaxy-Brain-5\\src\\Containers\\QuestionContainer.js": {"path":"C:\\Users\\Tonderai\\OneDrive\\Documents\\Futureproof\\Galaxy-Brain-5\\src\\Containers\\QuestionContainer.js","statementMap":{"0":{"start":{"line":10,"column":10},"end":{"line":21,"column":3}},"1":{"start":{"line":24,"column":4},"end":{"line":24,"column":31}},"2":{"start":{"line":25,"column":16},"end":{"line":25,"column":54}},"3":{"start":{"line":26,"column":4},"end":{"line":33,"column":9}},"4":{"start":{"line":27,"column":21},"end":{"line":27,"column":31}},"5":{"start":{"line":29,"column":8},"end":{"line":29,"column":26}},"6":{"start":{"line":30,"column":8},"end":{"line":32,"column":11}},"7":{"start":{"line":36,"column":22},"end":{"line":41,"column":3}},"8":{"start":{"line":37,"column":4},"end":{"line":37,"column":23}},"9":{"start":{"line":38,"column":4},"end":{"line":40,"column":7}},"10":{"start":{"line":43,"column":16},"end":{"line":46,"column":3}},"11":{"start":{"line":44,"column":4},"end":{"line":44,"column":27}},"12":{"start":{"line":45,"column":4},"end":{"line":45,"column":20}},"13":{"start":{"line":48,"column":17},"end":{"line":54,"column":3}},"14":{"start":{"line":49,"column":4},"end":{"line":49,"column":23}},"15":{"start":{"line":50,"column":4},"end":{"line":50,"column":28}},"16":{"start":{"line":51,"column":4},"end":{"line":53,"column":7}},"17":{"start":{"line":56,"column":15},"end":{"line":94,"column":3}},"18":{"start":{"line":57,"column":4},"end":{"line":93,"column":5}},"19":{"start":{"line":59,"column":8},"end":{"line":62,"column":11}},"20":{"start":{"line":63,"column":8},"end":{"line":63,"column":14}},"21":{"start":{"line":65,"column":8},"end":{"line":71,"column":11}},"22":{"start":{"line":72,"column":8},"end":{"line":72,"column":14}},"23":{"start":{"line":74,"column":8},"end":{"line":81,"column":11}},"24":{"start":{"line":82,"column":8},"end":{"line":82,"column":14}},"25":{"start":{"line":84,"column":8},"end":{"line":92,"column":11}},"26":{"start":{"line":96,"column":13},"end":{"line":115,"column":3}},"27":{"start":{"line":97,"column":4},"end":{"line":97,"column":40}},"28":{"start":{"line":98,"column":14},"end":{"line":98,"column":31}},"29":{"start":{"line":99,"column":14},"end":{"line":99,"column":32}},"30":{"start":{"line":100,"column":18},"end":{"line":100,"column":23}},"31":{"start":{"line":101,"column":14},"end":{"line":101,"column":153}},"32":{"start":{"line":102,"column":4},"end":{"line":114,"column":9}},"33":{"start":{"line":103,"column":21},"end":{"line":103,"column":31}},"34":{"start":{"line":105,"column":8},"end":{"line":105,"column":26}},"35":{"start":{"line":106,"column":8},"end":{"line":110,"column":11}},"36":{"start":{"line":111,"column":8},"end":{"line":111,"column":26}},"37":{"start":{"line":112,"column":8},"end":{"line":112,"column":34}},"38":{"start":{"line":113,"column":8},"end":{"line":113,"column":42}},"39":{"start":{"line":117,"column":22},"end":{"line":141,"column":3}},"40":{"start":{"line":118,"column":19},"end":{"line":118,"column":39}},"41":{"start":{"line":119,"column":4},"end":{"line":119,"column":19}},"42":{"start":{"line":120,"column":22},"end":{"line":120,"column":47}},"43":{"start":{"line":121,"column":26},"end":{"line":121,"column":39}},"44":{"start":{"line":122,"column":26},"end":{"line":124,"column":5}},"45":{"start":{"line":125,"column":4},"end":{"line":125,"column":39}},"46":{"start":{"line":127,"column":31},"end":{"line":127,"column":49}},"47":{"start":{"line":129,"column":4},"end":{"line":137,"column":5}},"48":{"start":{"line":130,"column":22},"end":{"line":130,"column":51}},"49":{"start":{"line":131,"column":6},"end":{"line":131,"column":59}},"50":{"start":{"line":132,"column":6},"end":{"line":132,"column":31}},"51":{"start":{"line":133,"column":6},"end":{"line":133,"column":22}},"52":{"start":{"line":134,"column":6},"end":{"line":134,"column":39}},"53":{"start":{"line":136,"column":6},"end":{"line":136,"column":39}},"54":{"start":{"line":139,"column":4},"end":{"line":139,"column":53}},"55":{"start":{"line":140,"column":4},"end":{"line":140,"column":20}},"56":{"start":{"line":143,"column":13},"end":{"line":147,"column":3}},"57":{"start":{"line":144,"column":37},"end":{"line":144,"column":47}},"58":{"start":{"line":145,"column":16},"end":{"line":145,"column":68}},"59":{"start":{"line":146,"column":4},"end":{"line":146,"column":36}},"60":{"start":{"line":149,"column":16},"end":{"line":151,"column":3}},"61":{"start":{"line":150,"column":4},"end":{"line":150,"column":29}},"62":{"start":{"line":154,"column":17},"end":{"line":214,"column":5}},"63":{"start":{"line":155,"column":6},"end":{"line":213,"column":7}},"64":{"start":{"line":157,"column":10},"end":{"line":167,"column":12}},"65":{"start":{"line":170,"column":10},"end":{"line":186,"column":12}},"66":{"start":{"line":188,"column":10},"end":{"line":201,"column":12}},"67":{"start":{"line":196,"column":31},"end":{"line":196,"column":48}},"68":{"start":{"line":203,"column":10},"end":{"line":212,"column":12}},"69":{"start":{"line":216,"column":4},"end":{"line":216,"column":31}}},"fnMap":{"0":{"name":"(anonymous_0)","decl":{"start":{"line":23,"column":2},"end":{"line":23,"column":3}},"loc":{"start":{"line":23,"column":22},"end":{"line":34,"column":3}},"line":23},"1":{"name":"(anonymous_1)","decl":{"start":{"line":27,"column":12},"end":{"line":27,"column":13}},"loc":{"start":{"line":27,"column":21},"end":{"line":27,"column":31}},"line":27},"2":{"name":"(anonymous_2)","decl":{"start":{"line":28,"column":12},"end":{"line":28,"column":13}},"loc":{"start":{"line":28,"column":22},"end":{"line":33,"column":7}},"line":28},"3":{"name":"(anonymous_3)","decl":{"start":{"line":36,"column":22},"end":{"line":36,"column":23}},"loc":{"start":{"line":36,"column":29},"end":{"line":41,"column":3}},"line":36},"4":{"name":"(anonymous_4)","decl":{"start":{"line":43,"column":16},"end":{"line":43,"column":17}},"loc":{"start":{"line":43,"column":27},"end":{"line":46,"column":3}},"line":43},"5":{"name":"(anonymous_5)","decl":{"start":{"line":48,"column":17},"end":{"line":48,"column":18}},"loc":{"start":{"line":48,"column":24},"end":{"line":54,"column":3}},"line":48},"6":{"name":"(anonymous_6)","decl":{"start":{"line":56,"column":15},"end":{"line":56,"column":16}},"loc":{"start":{"line":56,"column":21},"end":{"line":94,"column":3}},"line":56},"7":{"name":"(anonymous_7)","decl":{"start":{"line":96,"column":13},"end":{"line":96,"column":14}},"loc":{"start":{"line":96,"column":19},"end":{"line":115,"column":3}},"line":96},"8":{"name":"(anonymous_8)","decl":{"start":{"line":103,"column":12},"end":{"line":103,"column":13}},"loc":{"start":{"line":103,"column":21},"end":{"line":103,"column":31}},"line":103},"9":{"name":"(anonymous_9)","decl":{"start":{"line":104,"column":12},"end":{"line":104,"column":13}},"loc":{"start":{"line":104,"column":22},"end":{"line":114,"column":7}},"line":104},"10":{"name":"(anonymous_10)","decl":{"start":{"line":117,"column":22},"end":{"line":117,"column":23}},"loc":{"start":{"line":117,"column":29},"end":{"line":141,"column":3}},"line":117},"11":{"name":"(anonymous_11)","decl":{"start":{"line":143,"column":13},"end":{"line":143,"column":14}},"loc":{"start":{"line":143,"column":19},"end":{"line":147,"column":3}},"line":143},"12":{"name":"(anonymous_12)","decl":{"start":{"line":149,"column":16},"end":{"line":149,"column":17}},"loc":{"start":{"line":149,"column":22},"end":{"line":151,"column":3}},"line":149},"13":{"name":"(anonymous_13)","decl":{"start":{"line":153,"column":2},"end":{"line":153,"column":3}},"loc":{"start":{"line":153,"column":11},"end":{"line":217,"column":3}},"line":153},"14":{"name":"(anonymous_14)","decl":{"start":{"line":154,"column":17},"end":{"line":154,"column":18}},"loc":{"start":{"line":154,"column":23},"end":{"line":214,"column":5}},"line":154},"15":{"name":"(anonymous_15)","decl":{"start":{"line":196,"column":25},"end":{"line":196,"column":26}},"loc":{"start":{"line":196,"column":31},"end":{"line":196,"column":48}},"line":196}},"branchMap":{"0":{"loc":{"start":{"line":57,"column":4},"end":{"line":93,"column":5}},"type":"switch","locations":[{"start":{"line":58,"column":6},"end":{"line":63,"column":14}},{"start":{"line":64,"column":6},"end":{"line":72,"column":14}},{"start":{"line":73,"column":6},"end":{"line":82,"column":14}},{"start":{"line":83,"column":6},"end":{"line":92,"column":11}}],"line":57},"1":{"loc":{"start":{"line":129,"column":4},"end":{"line":137,"column":5}},"type":"if","locations":[{"start":{"line":129,"column":4},"end":{"line":137,"column":5}},{"start":{"line":129,"column":4},"end":{"line":137,"column":5}}],"line":129},"2":{"loc":{"start":{"line":145,"column":16},"end":{"line":145,"column":68}},"type":"cond-expr","locations":[{"start":{"line":145,"column":53},"end":{"line":145,"column":54}},{"start":{"line":145,"column":57},"end":{"line":145,"column":68}}],"line":145},"3":{"loc":{"start":{"line":155,"column":6},"end":{"line":213,"column":7}},"type":"switch","locations":[{"start":{"line":156,"column":8},"end":{"line":167,"column":12}},{"start":{"line":168,"column":8},"end":{"line":186,"column":12}},{"start":{"line":187,"column":8},"end":{"line":201,"column":12}},{"start":{"line":202,"column":8},"end":{"line":212,"column":12}}],"line":155},"4":{"loc":{"start":{"line":168,"column":13},"end":{"line":169,"column":55}},"type":"binary-expr","locations":[{"start":{"line":168,"column":13},"end":{"line":168,"column":42}},{"start":{"line":169,"column":10},"end":{"line":169,"column":55}}],"line":168},"5":{"loc":{"start":{"line":187,"column":13},"end":{"line":187,"column":63}},"type":"binary-expr","locations":[{"start":{"line":187,"column":13},"end":{"line":187,"column":42}},{"start":{"line":187,"column":46},"end":{"line":187,"column":63}}],"line":187}},"s":{"0":4,"1":4,"2":4,"3":4,"4":4,"5":0,"6":0,"7":4,"8":0,"9":0,"10":4,"11":0,"12":0,"13":4,"14":0,"15":0,"16":0,"17":4,"18":0,"19":0,"20":0,"21":0,"22":0,"23":0,"24":0,"25":0,"26":4,"27":0,"28":0,"29":0,"30":0,"31":0,"32":0,"33":0,"34":0,"35":0,"36":0,"37":0,"38":0,"39":4,"40":0,"41":0,"42":0,"43":0,"44":0,"45":0,"46":0,"47":0,"48":0,"49":0,"50":0,"51":0,"52":0,"53":0,"54":0,"55":0,"56":4,"57":0,"58":0,"59":0,"60":4,"61":0,"62":8,"63":8,"64":4,"65":1,"66":3,"67":0,"68":0,"69":8},"f":{"0":4,"1":4,"2":0,"3":0,"4":0,"5":0,"6":0,"7":0,"8":0,"9":0,"10":0,"11":0,"12":0,"13":8,"14":8,"15":0},"b":{"0":[0,0,0,0],"1":[0,0],"2":[0,0],"3":[4,1,3,0],"4":[4,4],"5":[3,3]},"_coverageSchema":"1a1c01bbd47fc00a2c39e90264f33305004495a9","hash":"5868ba9aaca7bd9e81fc0da46b4f3f7923992390"}
}
