{"/Users/dere/Documents/futureproof/Lectures/lap2/proj/Galaxy-Brain/src/Components/Answers/Answers.js": {"path":"/Users/dere/Documents/futureproof/Lectures/lap2/proj/Galaxy-Brain/src/Components/Answers/Answers.js","statementMap":{"0":{"start":{"line":26,"column":23},"end":{"line":26,"column":54}},"1":{"start":{"line":27,"column":20},"end":{"line":27,"column":65}},"2":{"start":{"line":28,"column":25},"end":{"line":28,"column":73}},"3":{"start":{"line":29,"column":21},"end":{"line":29,"column":68}},"4":{"start":{"line":30,"column":21},"end":{"line":30,"column":38}},"5":{"start":{"line":31,"column":4},"end":{"line":31,"column":42}},"6":{"start":{"line":32,"column":4},"end":{"line":44,"column":6}},"7":{"start":{"line":35,"column":10},"end":{"line":41,"column":19}}},"fnMap":{"0":{"name":"(anonymous_0)","decl":{"start":{"line":25,"column":2},"end":{"line":25,"column":3}},"loc":{"start":{"line":25,"column":11},"end":{"line":45,"column":3}},"line":25},"1":{"name":"(anonymous_1)","decl":{"start":{"line":34,"column":22},"end":{"line":34,"column":23}},"loc":{"start":{"line":35,"column":10},"end":{"line":41,"column":19}},"line":35}},"branchMap":{},"s":{"0":5,"1":5,"2":5,"3":5,"4":5,"5":5,"6":5,"7":20},"f":{"0":5,"1":20},"b":{},"_coverageSchema":"1a1c01bbd47fc00a2c39e90264f33305004495a9","hash":"e7056bb7cad141ce5b1f1c509ebd4e90f68e7396"}
,"/Users/dere/Documents/futureproof/Lectures/lap2/proj/Galaxy-Brain/src/Components/Form/index.js": {"path":"/Users/dere/Documents/futureproof/Lectures/lap2/proj/Galaxy-Brain/src/Components/Form/index.js","statementMap":{"0":{"start":{"line":6,"column":4},"end":{"line":6,"column":28}},"1":{"start":{"line":7,"column":4},"end":{"line":87,"column":6}},"2":{"start":{"line":47,"column":12},"end":{"line":51,"column":14}}},"fnMap":{"0":{"name":"(anonymous_0)","decl":{"start":{"line":5,"column":2},"end":{"line":5,"column":3}},"loc":{"start":{"line":5,"column":11},"end":{"line":88,"column":3}},"line":5},"1":{"name":"(anonymous_1)","decl":{"start":{"line":46,"column":37},"end":{"line":46,"column":38}},"loc":{"start":{"line":46,"column":51},"end":{"line":52,"column":11}},"line":46}},"branchMap":{},"s":{"0":19,"1":19,"2":456},"f":{"0":19,"1":456},"b":{},"_coverageSchema":"1a1c01bbd47fc00a2c39e90264f33305004495a9","hash":"575ad1c09e78c6202f03fe1fed6954b76f98091f"}
,"/Users/dere/Documents/futureproof/Lectures/lap2/proj/Galaxy-Brain/src/Components/Form/Test/Form.dummy.js": {"path":"/Users/dere/Documents/futureproof/Lectures/lap2/proj/Galaxy-Brain/src/Components/Form/Test/Form.dummy.js","statementMap":{"0":{"start":{"line":1,"column":19},"end":{"line":26,"column":1}}},"fnMap":{},"branchMap":{},"s":{"0":1},"f":{},"b":{},"_coverageSchema":"1a1c01bbd47fc00a2c39e90264f33305004495a9","hash":"8d2a877ab7a14f18f4fd509a21480e0847f2eb33"}
,"/Users/dere/Documents/futureproof/Lectures/lap2/proj/Galaxy-Brain/src/Components/Question/Question.js": {"path":"/Users/dere/Documents/futureproof/Lectures/lap2/proj/Galaxy-Brain/src/Components/Question/Question.js","statementMap":{"0":{"start":{"line":5,"column":17},"end":{"line":17,"column":1}},"1":{"start":{"line":6,"column":21},"end":{"line":6,"column":45}},"2":{"start":{"line":7,"column":19},"end":{"line":7,"column":50}},"3":{"start":{"line":9,"column":2},"end":{"line":16,"column":4}}},"fnMap":{"0":{"name":"(anonymous_0)","decl":{"start":{"line":5,"column":17},"end":{"line":5,"column":18}},"loc":{"start":{"line":5,"column":28},"end":{"line":17,"column":1}},"line":5}},"branchMap":{},"s":{"0":1,"1":1,"2":1,"3":1},"f":{"0":1},"b":{},"_coverageSchema":"1a1c01bbd47fc00a2c39e90264f33305004495a9","hash":"a9d1e3ef09e526b10b2d4802f63725389831a5c6"}
}
