TN:
SF:src/Components/Answers/Answers.js
FN:25,(anonymous_0)
FN:34,(anonymous_1)
FNF:2
FNH:2
FNDA:5,(anonymous_0)
FNDA:20,(anonymous_1)
DA:26,5
DA:27,5
DA:28,5
DA:29,5
DA:30,5
DA:31,5
DA:32,5
DA:35,20
LF:8
LH:8
BRF:0
BRH:0
end_of_record
TN:
SF:src/Components/Form/index.js
FN:5,(anonymous_0)
FN:46,(anonymous_1)
FNF:2
FNH:2
FNDA:19,(anonymous_0)
FNDA:456,(anonymous_1)
DA:6,19
DA:7,19
DA:47,456
LF:3
LH:3
BRF:0
BRH:0
end_of_record
TN:
SF:src/Components/Form/Test/Form.dummy.js
FNF:0
FNH:0
DA:1,1
LF:1
LH:1
BRF:0
BRH:0
end_of_record
TN:
SF:src/Components/Question/Question.js
FN:5,(anonymous_0)
FNF:1
FNH:1
FNDA:1,(anonymous_0)
DA:5,1
DA:6,1
DA:7,1
DA:9,1
LF:4
LH:4
BRF:0
BRH:0
end_of_record
