TN:
SF:src\App.js
FN:9,(anonymous_0)
FNF:1
FNH:1
FNDA:2,(anonymous_0)
DA:10,2
LF:1
LH:1
BRF:0
BRH:0
end_of_record
TN:
SF:src\Components\Answers\Answers.js
FN:6,(anonymous_0)
FN:15,(anonymous_1)
FNF:2
FNH:2
FNDA:5,(anonymous_0)
FNDA:20,(anonymous_1)
DA:7,5
DA:8,5
DA:9,5
DA:10,5
DA:11,5
DA:12,5
DA:13,5
DA:16,20
LF:8
LH:8
BRF:0
BRH:0
end_of_record
TN:
SF:src\Components\Form\index.js
FN:5,(anonymous_0)
FN:40,(anonymous_1)
FNF:2
FNH:2
FNDA:19,(anonymous_0)
FNDA:456,(anonymous_1)
DA:6,19
DA:7,19
DA:41,456
LF:3
LH:3
BRF:0
BRH:0
end_of_record
TN:
SF:src\Components\Form\Test\Form.dummy.js
FNF:0
FNH:0
DA:1,2
LF:1
LH:1
BRF:0
BRH:0
end_of_record
TN:
SF:src\Components\Question\Question.js
FN:5,(anonymous_0)
FNF:1
FNH:1
FNDA:1,(anonymous_0)
DA:5,3
DA:6,1
DA:7,1
DA:9,1
LF:4
LH:4
BRF:0
BRH:0
end_of_record
TN:
SF:src\Components\Score\Score.js
FN:4,(anonymous_0)
FN:12,(anonymous_1)
FN:13,(anonymous_2)
FNF:3
FNH:3
FNDA:2,(anonymous_0)
FNDA:6,(anonymous_1)
FNDA:18,(anonymous_2)
DA:4,3
DA:5,2
DA:6,2
DA:7,2
DA:8,2
DA:10,2
DA:11,2
DA:12,2
DA:13,6
DA:14,18
DA:15,18
DA:19,2
DA:21,2
LF:13
LH:13
BRDA:15,0,0,12
BRDA:15,0,1,6
BRF:2
BRH:2
end_of_record
TN:
SF:src\Components\Winner\Winner.js
FN:4,(anonymous_0)
FN:9,(anonymous_1)
FN:29,(anonymous_2)
FNF:3
FNH:3
FNDA:5,(anonymous_0)
FNDA:5,(anonymous_1)
FNDA:1,(anonymous_2)
DA:4,3
DA:5,5
DA:6,5
DA:7,5
DA:8,5
DA:9,5
DA:10,5
DA:11,5
DA:13,5
DA:14,15
DA:15,15
DA:16,5
DA:20,5
DA:21,15
DA:22,15
DA:23,7
DA:26,5
DA:29,5
DA:30,1
DA:33,5
DA:35,5
DA:37,5
DA:39,5
DA:40,2
DA:58,3
LF:25
LH:25
BRDA:15,0,0,5
BRDA:15,0,1,10
BRDA:22,1,0,7
BRDA:22,1,1,8
BRDA:39,2,0,2
BRDA:39,2,1,3
BRF:6
BRH:6
end_of_record
TN:
SF:src\Containers\QuestionContainer.js
FN:23,(anonymous_0)
FN:27,(anonymous_1)
FN:28,(anonymous_2)
FN:36,(anonymous_3)
FN:43,(anonymous_4)
FN:48,(anonymous_5)
FN:56,(anonymous_6)
FN:96,(anonymous_7)
FN:103,(anonymous_8)
FN:104,(anonymous_9)
FN:117,(anonymous_10)
FN:143,(anonymous_11)
FN:149,(anonymous_12)
FN:153,(anonymous_13)
FN:154,(anonymous_14)
FN:196,(anonymous_15)
FNF:16
FNH:4
FNDA:4,(anonymous_0)
FNDA:4,(anonymous_1)
FNDA:0,(anonymous_2)
FNDA:0,(anonymous_3)
FNDA:0,(anonymous_4)
FNDA:0,(anonymous_5)
FNDA:0,(anonymous_6)
FNDA:0,(anonymous_7)
FNDA:0,(anonymous_8)
FNDA:0,(anonymous_9)
FNDA:0,(anonymous_10)
FNDA:0,(anonymous_11)
FNDA:0,(anonymous_12)
FNDA:8,(anonymous_13)
FNDA:8,(anonymous_14)
FNDA:0,(anonymous_15)
DA:10,4
DA:24,4
DA:25,4
DA:26,4
DA:27,4
DA:29,0
DA:30,0
DA:36,4
DA:37,0
DA:38,0
DA:43,4
DA:44,0
DA:45,0
DA:48,4
DA:49,0
DA:50,0
DA:51,0
DA:56,4
DA:57,0
DA:59,0
DA:63,0
DA:65,0
DA:72,0
DA:74,0
DA:82,0
DA:84,0
DA:96,4
DA:97,0
DA:98,0
DA:99,0
DA:100,0
DA:101,0
DA:102,0
DA:103,0
DA:105,0
DA:106,0
DA:111,0
DA:112,0
DA:113,0
DA:117,4
DA:118,0
DA:119,0
DA:120,0
DA:121,0
DA:122,0
DA:125,0
DA:127,0
DA:129,0
DA:130,0
DA:131,0
DA:132,0
DA:133,0
DA:134,0
DA:136,0
DA:139,0
DA:140,0
DA:143,4
DA:144,0
DA:145,0
DA:146,0
DA:149,4
DA:150,0
DA:154,8
DA:155,8
DA:157,4
DA:170,1
DA:188,3
DA:196,0
DA:203,0
DA:216,8
LF:70
LH:19
BRDA:57,0,0,0
BRDA:57,0,1,0
BRDA:57,0,2,0
BRDA:57,0,3,0
BRDA:129,1,0,0
BRDA:129,1,1,0
BRDA:145,2,0,0
BRDA:145,2,1,0
BRDA:155,3,0,4
BRDA:155,3,1,1
BRDA:155,3,2,3
BRDA:155,3,3,0
BRDA:168,4,0,4
BRDA:168,4,1,4
BRDA:187,5,0,3
BRDA:187,5,1,3
BRF:16
BRH:7
end_of_record
